app/build/intermediates/manifest_merge_blame_file/debug/manifest-merger-blame-debug-report.txt
1<?xml version="1.0" encoding="utf-8"?>
2<manifest xmlns:android="http://schemas.android.com/apk/res/android"
3    package="code.theducation.music.debug"
4    android:installLocation="auto"
5    android:versionCode="1"
6    android:versionName="1.0 DEBUG" >
7
8    <uses-sdk
9        android:minSdkVersion="21"
9-->src\main\AndroidManifest.xml
10        android:targetSdkVersion="30" />
10-->src\main\AndroidManifest.xml
11
12    <uses-permission android:name="android.permission.BLUETOOTH" />
12-->src\main\AndroidManifest.xml:7:5-68
12-->src\main\AndroidManifest.xml:7:22-65
13    <uses-permission android:name="android.permission.DISABLE_KEYGUARD" />
13-->src\main\AndroidManifest.xml:8:5-75
13-->src\main\AndroidManifest.xml:8:22-72
14    <uses-permission android:name="android.permission.WAKE_LOCK" />
14-->src\main\AndroidManifest.xml:9:5-68
14-->src\main\AndroidManifest.xml:9:22-65
15    <uses-permission android:name="android.permission.READ_EXTERNAL_STORAGE" />
15-->src\main\AndroidManifest.xml:10:5-80
15-->src\main\AndroidManifest.xml:10:22-77
16    <uses-permission android:name="android.permission.WRITE_EXTERNAL_STORAGE" />
16-->src\main\AndroidManifest.xml:11:5-81
16-->src\main\AndroidManifest.xml:11:22-78
17    <uses-permission android:name="android.permission.INTERNET" />
17-->src\main\AndroidManifest.xml:12:5-67
17-->src\main\AndroidManifest.xml:12:22-64
18    <uses-permission android:name="android.permission.ACCESS_NETWORK_STATE" />
18-->src\main\AndroidManifest.xml:13:5-79
18-->src\main\AndroidManifest.xml:13:22-76
19    <uses-permission android:name="android.permission.BROADCAST_STICKY" />
19-->src\main\AndroidManifest.xml:14:5-75
19-->src\main\AndroidManifest.xml:14:22-72
20    <uses-permission android:name="android.permission.FOREGROUND_SERVICE" />
20-->src\main\AndroidManifest.xml:15:5-77
20-->src\main\AndroidManifest.xml:15:22-74
21    <uses-permission android:name="android.permission.WRITE_SETTINGS" />
21-->src\main\AndroidManifest.xml:16:5-18:47
21-->src\main\AndroidManifest.xml:17:9-57
22    <uses-permission android:name="android.permission.RECEIVE_BOOT_COMPLETED" />
22-->src\main\AndroidManifest.xml:19:5-81
22-->src\main\AndroidManifest.xml:19:22-78
23    <!-- Android package visibility setting -->
24    <queries>
24-->[com.google.android.gms:play-services-ads-lite:19.6.0] AndroidManifest.xml:27:5-38:15
25
26        <!-- For browser content -->
27        <intent>
27-->[com.google.android.gms:play-services-ads-lite:19.6.0] AndroidManifest.xml:30:9-36:18
28            <action android:name="android.intent.action.VIEW" />
28-->src\main\AndroidManifest.xml:58:17-69
28-->src\main\AndroidManifest.xml:58:25-66
29
30            <category android:name="android.intent.category.BROWSABLE" />
30-->src\main\AndroidManifest.xml:83:17-78
30-->src\main\AndroidManifest.xml:83:27-75
31
32            <data android:scheme="https" />
32-->src\main\AndroidManifest.xml:62:17-50
32-->src\main\AndroidManifest.xml:62:23-47
33        </intent>
34        <!-- End of browser content -->
35    </queries>
36
37    <uses-permission android:name="android.permission.ACCESS_WIFI_STATE" />
37-->[com.amitshekhar.android:debug-db-base:1.0.6] AndroidManifest.xml:30:5-76
37-->[com.amitshekhar.android:debug-db-base:1.0.6] AndroidManifest.xml:30:22-73
38
39    <application
39-->src\main\AndroidManifest.xml:21:5-266:19
40        android:name="code.theducation.music.App"
40-->src\main\AndroidManifest.xml:22:9-28
41        android:allowBackup="true"
41-->src\main\AndroidManifest.xml:23:9-35
42        android:appComponentFactory="androidx.core.app.CoreComponentFactory"
42-->[androidx.core:core:1.3.1] AndroidManifest.xml:24:18-86
43        android:configChanges="locale|layoutDirection"
43-->src\main\AndroidManifest.xml:24:9-55
44        android:debuggable="true"
45        android:icon="@mipmap/ic_launcher"
45-->src\main\AndroidManifest.xml:25:9-43
46        android:label="@string/app_name"
46-->src\main\AndroidManifest.xml:26:9-41
47        android:networkSecurityConfig="@xml/network_security_config"
47-->src\main\AndroidManifest.xml:27:9-69
48        android:requestLegacyExternalStorage="true"
48-->src\main\AndroidManifest.xml:28:9-52
49        android:roundIcon="@mipmap/ic_launcher_round"
49-->src\main\AndroidManifest.xml:29:9-54
50        android:supportsRtl="true"
50-->src\main\AndroidManifest.xml:30:9-35
51        android:testOnly="true"
52        android:theme="@style/Theme.RetroMusic.FollowSystem"
52-->src\main\AndroidManifest.xml:31:9-61
53        android:usesCleartextTraffic="true" >
53-->src\main\AndroidManifest.xml:32:9-44
54        <uses-library
54-->src\main\AndroidManifest.xml:36:9-38:40
55            android:name="org.apache.http.legacy"
55-->src\main\AndroidManifest.xml:37:13-50
56            android:required="false" />
56-->src\main\AndroidManifest.xml:38:13-37
57
58        <activity
58-->src\main\AndroidManifest.xml:40:9-113:20
59            android:name="code.theducation.music.activities.MainActivity"
59-->src\main\AndroidManifest.xml:41:13-52
60            android:label="@string/app_name"
60-->src\main\AndroidManifest.xml:42:13-45
61            android:theme="@style/SplashTheme" >
61-->src\main\AndroidManifest.xml:43:13-47
62            <intent-filter>
62-->src\main\AndroidManifest.xml:44:13-51:29
63                <action android:name="android.intent.action.MAIN" />
63-->src\main\AndroidManifest.xml:45:17-69
63-->src\main\AndroidManifest.xml:45:25-66
64                <action android:name="android.intent.action.MUSIC_PLAYER" />
64-->src\main\AndroidManifest.xml:46:17-77
64-->src\main\AndroidManifest.xml:46:25-74
65
66                <category android:name="android.intent.category.LAUNCHER" />
66-->src\main\AndroidManifest.xml:48:17-77
66-->src\main\AndroidManifest.xml:48:27-74
67                <category android:name="android.intent.category.APP_MUSIC" />
67-->src\main\AndroidManifest.xml:49:17-78
67-->src\main\AndroidManifest.xml:49:27-75
68                <category android:name="android.intent.category.DEFAULT" />
68-->src\main\AndroidManifest.xml:50:17-76
68-->src\main\AndroidManifest.xml:50:27-73
69            </intent-filter>
70            <intent-filter>
70-->src\main\AndroidManifest.xml:52:13-56:29
71                <action android:name="android.media.action.MEDIA_PLAY_FROM_SEARCH" />
71-->src\main\AndroidManifest.xml:53:17-86
71-->src\main\AndroidManifest.xml:53:25-83
72
73                <category android:name="android.intent.category.DEFAULT" />
73-->src\main\AndroidManifest.xml:50:17-76
73-->src\main\AndroidManifest.xml:50:27-73
74            </intent-filter>
75            <intent-filter>
75-->src\main\AndroidManifest.xml:57:13-67:29
76                <action android:name="android.intent.action.VIEW" />
76-->src\main\AndroidManifest.xml:58:17-69
76-->src\main\AndroidManifest.xml:58:25-66
77
78                <category android:name="android.intent.category.DEFAULT" />
78-->src\main\AndroidManifest.xml:50:17-76
78-->src\main\AndroidManifest.xml:50:27-73
79
80                <data android:scheme="content" />
80-->src\main\AndroidManifest.xml:62:17-50
80-->src\main\AndroidManifest.xml:62:23-47
81                <data android:mimeType="audio/*" />
81-->src\main\AndroidManifest.xml:62:17-50
81-->src\main\AndroidManifest.xml:63:23-49
82                <data android:mimeType="application/ogg" />
82-->src\main\AndroidManifest.xml:62:17-50
82-->src\main\AndroidManifest.xml:63:23-49
83                <data android:mimeType="application/x-ogg" />
83-->src\main\AndroidManifest.xml:62:17-50
83-->src\main\AndroidManifest.xml:63:23-49
84                <data android:mimeType="application/itunes" />
84-->src\main\AndroidManifest.xml:62:17-50
84-->src\main\AndroidManifest.xml:63:23-49
85            </intent-filter>
86            <intent-filter>
86-->src\main\AndroidManifest.xml:68:13-78:29
87                <action android:name="android.intent.action.VIEW" />
87-->src\main\AndroidManifest.xml:58:17-69
87-->src\main\AndroidManifest.xml:58:25-66
88
89                <category android:name="android.intent.category.DEFAULT" />
89-->src\main\AndroidManifest.xml:50:17-76
89-->src\main\AndroidManifest.xml:50:27-73
90
91                <data android:scheme="file" />
91-->src\main\AndroidManifest.xml:62:17-50
91-->src\main\AndroidManifest.xml:62:23-47
92                <data android:mimeType="audio/*" />
92-->src\main\AndroidManifest.xml:62:17-50
92-->src\main\AndroidManifest.xml:63:23-49
93                <data android:mimeType="application/ogg" />
93-->src\main\AndroidManifest.xml:62:17-50
93-->src\main\AndroidManifest.xml:63:23-49
94                <data android:mimeType="application/x-ogg" />
94-->src\main\AndroidManifest.xml:62:17-50
94-->src\main\AndroidManifest.xml:63:23-49
95                <data android:mimeType="application/itunes" />
95-->src\main\AndroidManifest.xml:62:17-50
95-->src\main\AndroidManifest.xml:63:23-49
96            </intent-filter>
97            <intent-filter>
97-->src\main\AndroidManifest.xml:79:13-90:29
98                <action android:name="android.intent.action.VIEW" />
98-->src\main\AndroidManifest.xml:58:17-69
98-->src\main\AndroidManifest.xml:58:25-66
99
100                <category android:name="android.intent.category.DEFAULT" />
100-->src\main\AndroidManifest.xml:50:17-76
100-->src\main\AndroidManifest.xml:50:27-73
101                <category android:name="android.intent.category.BROWSABLE" />
101-->src\main\AndroidManifest.xml:83:17-78
101-->src\main\AndroidManifest.xml:83:27-75
102
103                <data android:scheme="http" />
103-->src\main\AndroidManifest.xml:62:17-50
103-->src\main\AndroidManifest.xml:62:23-47
104                <data android:mimeType="audio/*" />
104-->src\main\AndroidManifest.xml:62:17-50
104-->src\main\AndroidManifest.xml:63:23-49
105                <data android:mimeType="application/ogg" />
105-->src\main\AndroidManifest.xml:62:17-50
105-->src\main\AndroidManifest.xml:63:23-49
106                <data android:mimeType="application/x-ogg" />
106-->src\main\AndroidManifest.xml:62:17-50
106-->src\main\AndroidManifest.xml:63:23-49
107                <data android:mimeType="application/itunes" />
107-->src\main\AndroidManifest.xml:62:17-50
107-->src\main\AndroidManifest.xml:63:23-49
108            </intent-filter>
109            <intent-filter>
109-->src\main\AndroidManifest.xml:91:13-99:29
110                <action android:name="android.intent.action.VIEW" />
110-->src\main\AndroidManifest.xml:58:17-69
110-->src\main\AndroidManifest.xml:58:25-66
111
112                <category android:name="android.intent.category.DEFAULT" />
112-->src\main\AndroidManifest.xml:50:17-76
112-->src\main\AndroidManifest.xml:50:27-73
113
114                <data android:mimeType="vnd.android.cursor.dir/playlist" />
114-->src\main\AndroidManifest.xml:62:17-50
114-->src\main\AndroidManifest.xml:63:23-49
115                <data android:mimeType="vnd.android.cursor.dir/albums" />
115-->src\main\AndroidManifest.xml:62:17-50
115-->src\main\AndroidManifest.xml:63:23-49
116                <data android:mimeType="vnd.android.cursor.dir/artists" />
116-->src\main\AndroidManifest.xml:62:17-50
116-->src\main\AndroidManifest.xml:63:23-49
117            </intent-filter>
118            <intent-filter>
118-->src\main\AndroidManifest.xml:100:13-104:29
119                <action android:name="com.cyanogenmod.eleven.AUDIO_PLAYER" />
119-->src\main\AndroidManifest.xml:101:17-78
119-->src\main\AndroidManifest.xml:101:25-75
120
121                <category android:name="android.intent.category.DEFAULT" />
121-->src\main\AndroidManifest.xml:50:17-76
121-->src\main\AndroidManifest.xml:50:27-73
122            </intent-filter>
123            <intent-filter>
123-->src\main\AndroidManifest.xml:105:13-112:29
124                <action android:name="android.intent.action.PICK" />
124-->src\main\AndroidManifest.xml:106:17-69
124-->src\main\AndroidManifest.xml:106:25-66
125
126                <category android:name="android.intent.category.DEFAULT" />
126-->src\main\AndroidManifest.xml:50:17-76
126-->src\main\AndroidManifest.xml:50:27-73
127                <category android:name="android.intent.category.OPENABLE" />
127-->src\main\AndroidManifest.xml:109:17-77
127-->src\main\AndroidManifest.xml:109:27-74
128
129                <data android:mimeType="vnd.android.cursor.dir/audio" />
129-->src\main\AndroidManifest.xml:62:17-50
129-->src\main\AndroidManifest.xml:63:23-49
130            </intent-filter>
131        </activity>
132        <activity android:name="code.theducation.music.activities.PlayingQueueActivity" />
132-->src\main\AndroidManifest.xml:114:9-69
132-->src\main\AndroidManifest.xml:114:19-66
133        <activity android:name="code.theducation.music.activities.SettingsActivity" />
133-->src\main\AndroidManifest.xml:115:9-65
133-->src\main\AndroidManifest.xml:115:19-62
134        <activity android:name="code.theducation.music.activities.tageditor.AlbumTagEditorActivity" />
134-->src\main\AndroidManifest.xml:116:9-81
134-->src\main\AndroidManifest.xml:116:19-78
135        <activity android:name="code.theducation.music.activities.tageditor.SongTagEditorActivity" />
135-->src\main\AndroidManifest.xml:117:9-80
135-->src\main\AndroidManifest.xml:117:19-77
136        <activity android:name="code.theducation.music.activities.LyricsActivity" />
136-->src\main\AndroidManifest.xml:118:9-63
136-->src\main\AndroidManifest.xml:118:19-60
137        <activity android:name="code.theducation.music.activities.UserInfoActivity" />
137-->src\main\AndroidManifest.xml:119:9-65
137-->src\main\AndroidManifest.xml:119:19-62
138        <activity android:name="code.theducation.music.activities.LicenseActivity" />
138-->src\main\AndroidManifest.xml:120:9-64
138-->src\main\AndroidManifest.xml:120:19-61
139        <activity android:name="code.theducation.music.activities.ShareInstagramStory" />
139-->src\main\AndroidManifest.xml:121:9-68
139-->src\main\AndroidManifest.xml:121:19-65
140        <activity android:name="code.theducation.music.activities.DriveModeActivity" />
140-->src\main\AndroidManifest.xml:122:9-66
140-->src\main\AndroidManifest.xml:122:19-63
141        <activity android:name="code.theducation.music.activities.PermissionActivity" />
141-->src\main\AndroidManifest.xml:123:9-67
141-->src\main\AndroidManifest.xml:123:19-64
142        <activity android:name="code.theducation.music.activities.LockScreenActivity" />
142-->src\main\AndroidManifest.xml:124:9-67
142-->src\main\AndroidManifest.xml:124:19-64
143        <activity
143-->src\main\AndroidManifest.xml:126:9-129:75
144            android:name="code.theducation.music.appshortcuts.AppShortcutLauncherActivity"
144-->src\main\AndroidManifest.xml:127:13-69
145            android:launchMode="singleInstance"
145-->src\main\AndroidManifest.xml:128:13-48
146            android:theme="@android:style/Theme.Translucent.NoTitleBar" />
146-->src\main\AndroidManifest.xml:129:13-72
147        <activity
147-->src\main\AndroidManifest.xml:131:9-133:50
148            android:name="code.theducation.music.activities.saf.SAFGuideActivity"
148-->src\main\AndroidManifest.xml:132:13-60
149            android:theme="@style/Theme.Intro" />
149-->src\main\AndroidManifest.xml:133:13-47
150
151        <provider
152            android:name="code.theducation.music.misc.GenericFileProvider"
152-->src\main\AndroidManifest.xml:136:13-53
153            android:authorities="code.theducation.music.debug.provider"
153-->src\main\AndroidManifest.xml:137:13-60
154            android:exported="false"
154-->src\main\AndroidManifest.xml:138:13-37
155            android:grantUriPermissions="true" >
155-->src\main\AndroidManifest.xml:139:13-47
156            <meta-data
156-->src\main\AndroidManifest.xml:140:13-142:58
157                android:name="android.support.FILE_PROVIDER_PATHS"
157-->src\main\AndroidManifest.xml:141:17-67
158                android:resource="@xml/provider_paths" />
158-->src\main\AndroidManifest.xml:142:17-55
159        </provider>
160        <provider
161            android:name="androidx.core.content.FileProvider"
161-->src\main\AndroidManifest.xml:147:13-62
162            android:authorities="code.theducation.music.debug"
162-->src\main\AndroidManifest.xml:148:13-51
163            android:exported="false"
163-->src\main\AndroidManifest.xml:149:13-37
164            android:grantUriPermissions="true" >
164-->src\main\AndroidManifest.xml:150:13-47
165            <meta-data
165-->src\main\AndroidManifest.xml:140:13-142:58
166                android:name="android.support.FILE_PROVIDER_PATHS"
166-->src\main\AndroidManifest.xml:141:17-67
167                android:resource="@xml/provider_paths" />
167-->src\main\AndroidManifest.xml:142:17-55
168        </provider>
169
170        <receiver android:name="code.theducation.music.service.MediaButtonIntentReceiver" >
170-->src\main\AndroidManifest.xml:156:9-160:20
170-->src\main\AndroidManifest.xml:156:19-68
171            <intent-filter>
171-->src\main\AndroidManifest.xml:157:13-159:29
172                <action android:name="android.intent.action.MEDIA_BUTTON" />
172-->src\main\AndroidManifest.xml:158:17-77
172-->src\main\AndroidManifest.xml:158:25-74
173            </intent-filter>
174        </receiver>
175        <receiver android:name="code.theducation.music.appwidgets.BootReceiver" >
175-->src\main\AndroidManifest.xml:162:9-167:20
175-->src\main\AndroidManifest.xml:162:19-58
176            <intent-filter>
176-->src\main\AndroidManifest.xml:163:13-166:29
177                <action android:name="android.intent.action.BOOT_COMPLETED" />
177-->src\main\AndroidManifest.xml:164:17-79
177-->src\main\AndroidManifest.xml:164:25-76
178                <action android:name="android.intent.action.QUICKBOOT_POWERON" />
178-->src\main\AndroidManifest.xml:165:17-82
178-->src\main\AndroidManifest.xml:165:25-79
179            </intent-filter>
180        </receiver>
181        <receiver
181-->src\main\AndroidManifest.xml:169:9-180:20
182            android:name="code.theducation.music.appwidgets.AppWidgetBig"
182-->src\main\AndroidManifest.xml:170:13-52
183            android:exported="false"
183-->src\main\AndroidManifest.xml:171:13-37
184            android:label="@string/app_widget_big_name" >
184-->src\main\AndroidManifest.xml:172:13-56
185            <intent-filter>
185-->src\main\AndroidManifest.xml:173:13-175:29
186                <action android:name="android.appwidget.action.APPWIDGET_UPDATE" />
186-->src\main\AndroidManifest.xml:174:17-84
186-->src\main\AndroidManifest.xml:174:25-81
187            </intent-filter>
188
189            <meta-data
189-->src\main\AndroidManifest.xml:177:13-179:63
190                android:name="android.appwidget.provider"
190-->src\main\AndroidManifest.xml:178:17-58
191                android:resource="@xml/app_widget_big_info" />
191-->src\main\AndroidManifest.xml:179:17-60
192        </receiver>
193        <receiver
193-->src\main\AndroidManifest.xml:182:9-193:20
194            android:name="code.theducation.music.appwidgets.AppWidgetClassic"
194-->src\main\AndroidManifest.xml:183:13-56
195            android:exported="false"
195-->src\main\AndroidManifest.xml:184:13-37
196            android:label="@string/app_widget_classic_name" >
196-->src\main\AndroidManifest.xml:185:13-60
197            <intent-filter>
197-->src\main\AndroidManifest.xml:173:13-175:29
198                <action android:name="android.appwidget.action.APPWIDGET_UPDATE" />
198-->src\main\AndroidManifest.xml:174:17-84
198-->src\main\AndroidManifest.xml:174:25-81
199            </intent-filter>
200
201            <meta-data
201-->src\main\AndroidManifest.xml:177:13-179:63
202                android:name="android.appwidget.provider"
202-->src\main\AndroidManifest.xml:178:17-58
203                android:resource="@xml/app_widget_classic_info" />
203-->src\main\AndroidManifest.xml:179:17-60
204        </receiver>
205        <receiver
205-->src\main\AndroidManifest.xml:194:9-205:20
206            android:name="code.theducation.music.appwidgets.AppWidgetSmall"
206-->src\main\AndroidManifest.xml:195:13-54
207            android:exported="false"
207-->src\main\AndroidManifest.xml:196:13-37
208            android:label="@string/app_widget_small_name" >
208-->src\main\AndroidManifest.xml:197:13-58
209            <intent-filter>
209-->src\main\AndroidManifest.xml:173:13-175:29
210                <action android:name="android.appwidget.action.APPWIDGET_UPDATE" />
210-->src\main\AndroidManifest.xml:174:17-84
210-->src\main\AndroidManifest.xml:174:25-81
211            </intent-filter>
212
213            <meta-data
213-->src\main\AndroidManifest.xml:177:13-179:63
214                android:name="android.appwidget.provider"
214-->src\main\AndroidManifest.xml:178:17-58
215                android:resource="@xml/app_widget_small_info" />
215-->src\main\AndroidManifest.xml:179:17-60
216        </receiver>
217        <receiver
217-->src\main\AndroidManifest.xml:206:9-217:20
218            android:name="code.theducation.music.appwidgets.AppWidgetText"
218-->src\main\AndroidManifest.xml:207:13-53
219            android:exported="false"
219-->src\main\AndroidManifest.xml:208:13-37
220            android:label="@string/app_widget_text_name" >
220-->src\main\AndroidManifest.xml:209:13-57
221            <intent-filter>
221-->src\main\AndroidManifest.xml:173:13-175:29
222                <action android:name="android.appwidget.action.APPWIDGET_UPDATE" />
222-->src\main\AndroidManifest.xml:174:17-84
222-->src\main\AndroidManifest.xml:174:25-81
223            </intent-filter>
224
225            <meta-data
225-->src\main\AndroidManifest.xml:177:13-179:63
226                android:name="android.appwidget.provider"
226-->src\main\AndroidManifest.xml:178:17-58
227                android:resource="@xml/app_widget_text" />
227-->src\main\AndroidManifest.xml:179:17-60
228        </receiver>
229        <receiver
229-->src\main\AndroidManifest.xml:218:9-229:20
230            android:name="code.theducation.music.appwidgets.AppWidgetCard"
230-->src\main\AndroidManifest.xml:219:13-53
231            android:exported="false"
231-->src\main\AndroidManifest.xml:220:13-37
232            android:label="@string/app_widget_card_name" >
232-->src\main\AndroidManifest.xml:221:13-57
233            <intent-filter>
233-->src\main\AndroidManifest.xml:173:13-175:29
234                <action android:name="android.appwidget.action.APPWIDGET_UPDATE" />
234-->src\main\AndroidManifest.xml:174:17-84
234-->src\main\AndroidManifest.xml:174:25-81
235            </intent-filter>
236
237            <meta-data
237-->src\main\AndroidManifest.xml:177:13-179:63
238                android:name="android.appwidget.provider"
238-->src\main\AndroidManifest.xml:178:17-58
239                android:resource="@xml/app_widget_card_info" />
239-->src\main\AndroidManifest.xml:179:17-60
240        </receiver>
241
242        <service
242-->src\main\AndroidManifest.xml:231:9-233:48
243            android:name="code.theducation.music.service.download.DownloadService"
243-->src\main\AndroidManifest.xml:232:13-61
244            android:label="@string/app_name" />
244-->src\main\AndroidManifest.xml:233:13-45
245        <service
245-->src\main\AndroidManifest.xml:235:9-244:19
246            android:name="code.theducation.music.service.MusicService"
246-->src\main\AndroidManifest.xml:236:13-49
247            android:enabled="true"
247-->src\main\AndroidManifest.xml:237:13-35
248            android:exported="true"
248-->src\main\AndroidManifest.xml:238:13-36
249            android:label="@string/app_name" >
249-->src\main\AndroidManifest.xml:239:13-45
250            <intent-filter>
250-->src\main\AndroidManifest.xml:241:13-243:29
251                <action android:name="android.media.browse.MediaBrowserService" />
251-->src\main\AndroidManifest.xml:242:17-83
251-->src\main\AndroidManifest.xml:242:25-80
252            </intent-filter>
253        </service>
254
255        <!-- Sample AdMob app ID: ca-app-pub-3940256099942544~3347511713 -->
256        <meta-data
256-->src\main\AndroidManifest.xml:247:9-249:54
257            android:name="com.google.android.gms.ads.APPLICATION_ID"
257-->src\main\AndroidManifest.xml:248:13-69
258            android:value="@string/ads_application" />
258-->src\main\AndroidManifest.xml:249:13-52
259        <meta-data
259-->src\main\AndroidManifest.xml:251:9-253:35
260            android:name="android.max_aspect"
260-->src\main\AndroidManifest.xml:252:13-46
261            android:value="2.1" />
261-->src\main\AndroidManifest.xml:253:13-32
262        <meta-data
262-->src\main\AndroidManifest.xml:255:9-257:36
263            android:name="com.lge.support.SPLIT_WINDOW"
263-->src\main\AndroidManifest.xml:256:13-56
264            android:value="true" />
264-->src\main\AndroidManifest.xml:257:13-33
265        <meta-data
265-->src\main\AndroidManifest.xml:259:9-261:43
266            android:name="code.theducation.music.glide.RetroMusicGlideModule"
266-->src\main\AndroidManifest.xml:260:13-78
267            android:value="GlideModule" />
267-->src\main\AndroidManifest.xml:261:13-40
268        <meta-data
268-->src\main\AndroidManifest.xml:263:9-265:43
269            android:name="com.bumptech.glide.integration.okhttp3.OkHttpGlideModule"
269-->src\main\AndroidManifest.xml:264:13-84
270            android:value="GlideModule" />
270-->src\main\AndroidManifest.xml:265:13-40
271
272        <provider
272-->[com.amitshekhar.android:debug-db:1.0.6] AndroidManifest.xml:12:9-16:40
273            android:name="com.amitshekhar.debug.DebugDBInitProvider"
273-->[com.amitshekhar.android:debug-db:1.0.6] AndroidManifest.xml:13:13-69
274            android:authorities="code.theducation.music.debug.DebugDBInitProvider"
274-->[com.amitshekhar.android:debug-db:1.0.6] AndroidManifest.xml:14:13-71
275            android:enabled="true"
275-->[com.amitshekhar.android:debug-db:1.0.6] AndroidManifest.xml:15:13-35
276            android:exported="false" />
276-->[com.amitshekhar.android:debug-db:1.0.6] AndroidManifest.xml:16:13-37
277
278        <activity
278-->[com.github.dhaval2404:imagepicker:1.7.1] AndroidManifest.xml:15:9-18:68
279            android:name="com.github.dhaval2404.imagepicker.ImagePickerActivity"
279-->[com.github.dhaval2404:imagepicker:1.7.1] AndroidManifest.xml:16:13-81
280            android:screenOrientation="unspecified"
280-->[com.github.dhaval2404:imagepicker:1.7.1] AndroidManifest.xml:17:13-52
281            android:theme="@style/Theme.Transparent.ImagePicker" />
281-->[com.github.dhaval2404:imagepicker:1.7.1] AndroidManifest.xml:18:13-65
282        <activity
282-->[com.github.dhaval2404:imagepicker:1.7.1] AndroidManifest.xml:19:9-22:72
283            android:name="com.yalantis.ucrop.UCropActivity"
283-->[com.github.dhaval2404:imagepicker:1.7.1] AndroidManifest.xml:20:13-60
284            android:screenOrientation="portrait"
284-->[com.github.dhaval2404:imagepicker:1.7.1] AndroidManifest.xml:21:13-49
285            android:theme="@style/Theme.AppCompat.Light.NoActionBar" />
285-->[com.github.dhaval2404:imagepicker:1.7.1] AndroidManifest.xml:22:13-69
286
287        <provider
287-->[com.github.dhaval2404:imagepicker:1.7.1] AndroidManifest.xml:24:9-32:20
288            android:name="com.github.dhaval2404.imagepicker.ImagePickerFileProvider"
288-->[com.github.dhaval2404:imagepicker:1.7.1] AndroidManifest.xml:25:13-85
289            android:authorities="code.theducation.music.debug.imagepicker.provider"
289-->[com.github.dhaval2404:imagepicker:1.7.1] AndroidManifest.xml:26:13-72
290            android:exported="false"
290-->[com.github.dhaval2404:imagepicker:1.7.1] AndroidManifest.xml:27:13-37
291            android:grantUriPermissions="true" >
291-->[com.github.dhaval2404:imagepicker:1.7.1] AndroidManifest.xml:28:13-47
292            <meta-data
292-->src\main\AndroidManifest.xml:140:13-142:58
293                android:name="android.support.FILE_PROVIDER_PATHS"
293-->src\main\AndroidManifest.xml:141:17-67
294                android:resource="@xml/image_picker_provider_paths" />
294-->src\main\AndroidManifest.xml:142:17-55
295        </provider> <!-- Include the AdActivity and InAppPurchaseActivity configChanges and themes. -->
296        <activity
296-->[com.google.android.gms:play-services-ads-lite:19.6.0] AndroidManifest.xml:43:9-47:64
297            android:name="com.google.android.gms.ads.AdActivity"
297-->[com.google.android.gms:play-services-ads-lite:19.6.0] AndroidManifest.xml:44:13-65
298            android:configChanges="keyboard|keyboardHidden|orientation|screenLayout|uiMode|screenSize|smallestScreenSize"
298-->[com.google.android.gms:play-services-ads-lite:19.6.0] AndroidManifest.xml:45:13-122
299            android:exported="false"
299-->[com.google.android.gms:play-services-ads-lite:19.6.0] AndroidManifest.xml:46:13-37
300            android:theme="@android:style/Theme.Translucent" />
300-->[com.google.android.gms:play-services-ads-lite:19.6.0] AndroidManifest.xml:47:13-61
301
302        <provider
302-->[com.google.android.gms:play-services-ads-lite:19.6.0] AndroidManifest.xml:49:9-53:39
303            android:name="com.google.android.gms.ads.MobileAdsInitProvider"
303-->[com.google.android.gms:play-services-ads-lite:19.6.0] AndroidManifest.xml:50:13-76
304            android:authorities="code.theducation.music.debug.mobileadsinitprovider"
304-->[com.google.android.gms:play-services-ads-lite:19.6.0] AndroidManifest.xml:51:13-73
305            android:exported="false"
305-->[com.google.android.gms:play-services-ads-lite:19.6.0] AndroidManifest.xml:52:13-37
306            android:initOrder="100" />
306-->[com.google.android.gms:play-services-ads-lite:19.6.0] AndroidManifest.xml:53:13-36
307
308        <service
308-->[com.google.android.gms:play-services-ads-lite:19.6.0] AndroidManifest.xml:55:9-58:40
309            android:name="com.google.android.gms.ads.AdService"
309-->[com.google.android.gms:play-services-ads-lite:19.6.0] AndroidManifest.xml:56:13-64
310            android:enabled="true"